c:\users\yassine\source\repos\mikuhack\mikuhack\release\vc142.pdb
c:\users\yassine\source\repos\mikuhack\mikuhack\release\library.obj
c:\users\yassine\source\repos\mikuhack\mikuhack\release\json.obj
c:\users\yassine\source\repos\mikuhack\mikuhack\release\drawtools.obj
c:\users\yassine\source\repos\mikuhack\mikuhack\release\detour.obj
c:\users\yassine\source\repos\mikuhack\mikuhack\release\datamap.obj
c:\users\yassine\source\repos\mikuhack\mikuhack\release\config.obj
c:\users\yassine\source\repos\mikuhack\mikuhack\release\bonecache.obj
c:\users\yassine\source\repos\mikuhack\mikuhack\release\vhook_impl.obj
c:\users\yassine\source\repos\mikuhack\mikuhack\release\dllmain.obj
c:\users\yassine\source\repos\mikuhack\mikuhack\release\modules.obj
c:\users\yassine\source\repos\mikuhack\mikuhack\release\image.obj
c:\users\yassine\source\repos\mikuhack\mikuhack\release\disolx86.obj
c:\users\yassine\source\repos\mikuhack\mikuhack\release\disolx64.obj
c:\users\yassine\source\repos\mikuhack\mikuhack\release\disolia64.obj
c:\users\yassine\source\repos\mikuhack\mikuhack\release\disolarm64.obj
c:\users\yassine\source\repos\mikuhack\mikuhack\release\disolarm.obj
c:\users\yassine\source\repos\mikuhack\mikuhack\release\disasm.obj
c:\users\yassine\source\repos\mikuhack\mikuhack\release\detours.obj
c:\users\yassine\source\repos\mikuhack\mikuhack\release\creatwth.obj
c:\users\yassine\source\repos\mikuhack\mikuhack\release\iveclienttrace.obj
c:\users\yassine\source\repos\mikuhack\mikuhack\release\iclientlistener.obj
c:\users\yassine\source\repos\mikuhack\mikuhack\release\tfhuds.obj
c:\users\yassine\source\repos\mikuhack\mikuhack\release\paint.obj
c:\users\yassine\source\repos\mikuhack\mikuhack\release\clientmode.obj
c:\users\yassine\source\repos\mikuhack\mikuhack\release\glow.obj
c:\users\yassine\source\repos\mikuhack\mikuhack\release\convar.obj
c:\users\yassine\source\repos\mikuhack\mikuhack\release\cbaseentity.obj
c:\users\yassine\source\repos\mikuhack\mikuhack\release\cattributes.obj
c:\users\yassine\source\repos\mikuhack\mikuhack\release\imgui_widgets.obj
c:\users\yassine\source\repos\mikuhack\mikuhack\release\imgui_helper.obj
c:\users\yassine\source\repos\mikuhack\mikuhack\release\imgui_draw.obj
c:\users\yassine\source\repos\mikuhack\mikuhack\release\imgui_demo.obj
c:\users\yassine\source\repos\mikuhack\mikuhack\release\imgui.obj
c:\users\yassine\source\repos\mikuhack\mikuhack\release\vtable.obj
c:\users\yassine\source\repos\mikuhack\mikuhack\release\timer.obj
c:\users\yassine\source\repos\mikuhack\mikuhack\release\sigtools.obj
c:\users\yassine\source\repos\mikuhack\mikuhack\release\netvars.obj
c:\users\yassine\source\repos\mikuhack\mikuhack\release\d3dx.obj
c:\users\yassine\source\repos\mikuhack\mikuhack\release\vhook.obj
c:\users\yassine\source\repos\mikuhack\mikuhack\release\visual.obj
c:\users\yassine\source\repos\mikuhack\mikuhack\release\menuitems.obj
c:\users\yassine\source\repos\mikuhack\mikuhack\release\scoreboardcolor.obj
c:\users\yassine\source\repos\mikuhack\mikuhack\release\smac_cvars.obj
c:\users\yassine\source\repos\mikuhack\mikuhack\release\inventory.obj
c:\users\yassine\source\repos\mikuhack\mikuhack\release\backtrack.obj
c:\users\yassine\source\repos\mikuhack\mikuhack\release\auto-detonate.obj
c:\users\yassine\source\repos\mikuhack\mikuhack\release\auto-backstab.obj
c:\users\yassine\source\repos\mikuhack\mikuhack\release\esp.obj
c:\users\yassine\source\repos\mikuhack\mikuhack\release\debug.obj
c:\users\yassine\source\repos\mikuhack\mikuhack\release\aimbot.obj
c:\users\yassine\source\repos\mikuhack\mikuhack\release\mprofiler.obj
c:\users\yassine\source\repos\mikuhack\mikuhack\release\tier1.obj
c:\users\yassine\source\repos\mikuhack\mikuhack\release\utlstring.obj
c:\users\yassine\source\repos\mikuhack\mikuhack\release\keyvalues.obj
c:\users\yassine\source\repos\mikuhack\mikuhack\release\recipientfilter.obj
c:\users\yassine\source\repos\mikuhack\mikuhack\release\netmessage.obj
c:\users\yassine\source\repos\mikuhack\release\mikuhack.dll
c:\users\yassine\source\repos\mikuhack\release\mikuhack.pdb
c:\users\yassine\source\repos\mikuhack\release\mikuhack.lib
c:\users\yassine\source\repos\mikuhack\release\mikuhack.exp
c:\users\yassine\source\repos\mikuhack\release\mikuhack.ipdb
c:\users\yassine\source\repos\mikuhack\release\mikuhack.iobj
c:\users\yassine\source\repos\mikuhack\mikuhack\release\mikuhack.tlog\cl.command.1.tlog
c:\users\yassine\source\repos\mikuhack\mikuhack\release\mikuhack.tlog\cl.read.1.tlog
c:\users\yassine\source\repos\mikuhack\mikuhack\release\mikuhack.tlog\cl.write.1.tlog
c:\users\yassine\source\repos\mikuhack\mikuhack\release\mikuhack.tlog\link.command.1.tlog
c:\users\yassine\source\repos\mikuhack\mikuhack\release\mikuhack.tlog\link.read.1.tlog
c:\users\yassine\source\repos\mikuhack\mikuhack\release\mikuhack.tlog\link.write.1.tlog
c:\users\yassine\source\repos\mikuhack\mikuhack\release\mikuhack.tlog\mikuhack.write.1u.tlog
