  vhook.cpp
  vhook_impl.cpp
  D3DX.cpp
  IClientListener.cpp
  mprofiler.cpp
  Aimbot.cpp
  ESP.cpp
  Auto-Backstab.cpp
  Auto-Detonate.cpp
  BackTrack.cpp
  Inventory.cpp
  SMAC_CVars.cpp
  MenuItems.cpp
  Visual.cpp
  dllmain.cpp
     Creating library C:\Users\Yassine\source\repos\MikuHack\Release\MikuHack.lib and object C:\Users\Yassine\source\repos\MikuHack\Release\MikuHack.exp
LINK : warning LNK4098: defaultlib 'LIBCMT' conflicts with use of other libs; use /NODEFAULTLIB:library
  Generating code
  1025 of 11220 functions ( 9.1%) were compiled, the rest were copied from previous compilation.
    6 functions were new in current compilation
    797 functions had inline decision re-evaluated but remain unchanged
  Finished generating code
  MikuHack.vcxproj -> C:\Users\Yassine\source\repos\MikuHack\Release\MikuHack.dll
