c:\users\yassine\source\repos\m0hack\m0hack\release\vc142.pdb
c:\users\yassine\source\repos\m0hack\m0hack\release\menupanel.obj
c:\users\yassine\source\repos\m0hack\m0hack\release\inventory_skins.obj
c:\users\yassine\source\repos\m0hack\m0hack\release\inventory_models.obj
c:\users\yassine\source\repos\m0hack\m0hack\release\inventory_render.obj
c:\users\yassine\source\repos\m0hack\m0hack\release\visuals_render.obj
c:\users\yassine\source\repos\m0hack\m0hack\release\hidescope.obj
c:\users\yassine\source\repos\m0hack\m0hack\release\displaydead.obj
c:\users\yassine\source\repos\m0hack\m0hack\release\effects.obj
c:\users\yassine\source\repos\m0hack\m0hack\release\concmds1.obj
c:\users\yassine\source\repos\m0hack\m0hack\release\auto-detonate.obj
c:\users\yassine\source\repos\m0hack\m0hack\release\auto-backstab.obj
c:\users\yassine\source\repos\m0hack\m0hack\release\esp_render.obj
c:\users\yassine\source\repos\m0hack\m0hack\release\esp_process.obj
c:\users\yassine\source\repos\m0hack\m0hack\release\esp_filter.obj
c:\users\yassine\source\repos\m0hack\m0hack\release\esp.obj
c:\users\yassine\source\repos\m0hack\m0hack\release\aimbot_render.obj
c:\users\yassine\source\repos\m0hack\m0hack\release\aimbot_process.obj
c:\users\yassine\source\repos\m0hack\m0hack\release\aimbot_particles.obj
c:\users\yassine\source\repos\m0hack\m0hack\release\aimbot_filter.obj
c:\users\yassine\source\repos\m0hack\m0hack\release\aimbot.obj
c:\users\yassine\source\repos\m0hack\m0hack\release\netvars.obj
c:\users\yassine\source\repos\m0hack\m0hack\release\json.obj
c:\users\yassine\source\repos\m0hack\m0hack\release\format.obj
c:\users\yassine\source\repos\m0hack\m0hack\release\drawtools.obj
c:\users\yassine\source\repos\m0hack\m0hack\release\debug.obj
c:\users\yassine\source\repos\m0hack\m0hack\release\datamap.obj
c:\users\yassine\source\repos\m0hack\m0hack\release\vtable.obj
c:\users\yassine\source\repos\m0hack\m0hack\release\listener.obj
c:\users\yassine\source\repos\m0hack\m0hack\release\modules.obj
c:\users\yassine\source\repos\m0hack\m0hack\release\image.obj
c:\users\yassine\source\repos\m0hack\m0hack\release\disolx86.obj
c:\users\yassine\source\repos\m0hack\m0hack\release\disolx64.obj
c:\users\yassine\source\repos\m0hack\m0hack\release\disolia64.obj
c:\users\yassine\source\repos\m0hack\m0hack\release\disolarm64.obj
c:\users\yassine\source\repos\m0hack\m0hack\release\disolarm.obj
c:\users\yassine\source\repos\m0hack\m0hack\release\disasm.obj
c:\users\yassine\source\repos\m0hack\m0hack\release\detours.obj
c:\users\yassine\source\repos\m0hack\m0hack\release\creatwth.obj
c:\users\yassine\source\repos\m0hack\m0hack\release\dllmain.obj
c:\users\yassine\source\repos\m0hack\m0hack\release\bonecache.obj
c:\users\yassine\source\repos\m0hack\m0hack\release\baseweapon.obj
c:\users\yassine\source\repos\m0hack\m0hack\release\baseplayer.obj
c:\users\yassine\source\repos\m0hack\m0hack\release\baseobject.obj
c:\users\yassine\source\repos\m0hack\m0hack\release\baseentity.obj
c:\users\yassine\source\repos\m0hack\m0hack\release\debugoverlay.obj
c:\users\yassine\source\repos\m0hack\m0hack\release\convar.obj
c:\users\yassine\source\repos\m0hack\m0hack\release\checksum.obj
c:\users\yassine\source\repos\m0hack\m0hack\release\bitbuffers.obj
c:\users\yassine\source\repos\m0hack\m0hack\release\mrender.obj
c:\users\yassine\source\repos\m0hack\m0hack\release\mprofiler.obj
c:\users\yassine\source\repos\m0hack\m0hack\release\lib_sig.obj
c:\users\yassine\source\repos\m0hack\m0hack\release\lib.obj
c:\users\yassine\source\repos\m0hack\m0hack\release\imgui_widgets.obj
c:\users\yassine\source\repos\m0hack\m0hack\release\imgui_tables.obj
c:\users\yassine\source\repos\m0hack\m0hack\release\imgui_helper.obj
c:\users\yassine\source\repos\m0hack\m0hack\release\imgui_draw.obj
c:\users\yassine\source\repos\m0hack\m0hack\release\imgui_demo.obj
c:\users\yassine\source\repos\m0hack\m0hack\release\imgui.obj
c:\users\yassine\source\repos\m0hack\m0hack\release\timer.obj
c:\users\yassine\source\repos\m0hack\m0hack\release\gcsdk_gcmessages.pb.obj
c:\users\yassine\source\repos\m0hack\m0hack\release\econ_gcmessages.pb.obj
c:\users\yassine\source\repos\m0hack\m0hack\release\base_gcmessages.pb.obj
c:\users\yassine\source\repos\m0hack\m0hack\release\netmessage.obj
c:\users\yassine\source\repos\m0hack\m0hack\release\vector3d.obj
c:\users\yassine\source\repos\m0hack\m0hack\release\keyvalues.obj
c:\users\yassine\source\repos\m0hack\m0hack\release\interfaces.obj
c:\users\yassine\source\repos\m0hack\m0hack\release\tfhuds.obj
c:\users\yassine\source\repos\m0hack\m0hack\release\hook_sendnetmsg.obj
c:\users\yassine\source\repos\m0hack\m0hack\release\hook_painttraverse.obj
c:\users\yassine\source\repos\m0hack\m0hack\release\hook_levelchange.obj
c:\users\yassine\source\repos\m0hack\m0hack\release\hook_gamecoordinator.obj
c:\users\yassine\source\repos\m0hack\m0hack\release\hook_framestagenotify.obj
c:\users\yassine\source\repos\m0hack\m0hack\release\hook_d3dx9.obj
c:\users\yassine\source\repos\m0hack\m0hack\release\hook_createmove.obj
c:\users\yassine\source\repos\m0hack\m0hack\release\hook_concommandbase.obj
c:\users\yassine\source\repos\m0hack\m0hack\release\glow.obj
c:\users\yassine\source\repos\m0hack\m0hack\release\resourceentity.obj
c:\users\yassine\source\repos\m0hack\m0hack\release\entitymanager.obj
c:\users\yassine\source\repos\m0hack\m0hack\release\econentity.obj
c:\users\yassine\source\repos\m0hack\m0hack\release\trace.obj
c:\users\yassine\source\repos\m0hack\m0hack\release\tf_proto_def_messages.pb.obj
c:\users\yassine\source\repos\m0hack\m0hack\release\tf_gcmessages.pb.obj
c:\users\yassine\source\repos\m0hack\m0hack\release\steammessages.pb.obj
c:\users\yassine\source\repos\m0hack\m0hack\release\gcsystemmsgs.pb.obj
c:\users\yassine\source\repos\m0hack\m0hack\release\gcsys.obj
c:\users\yassine\source\repos\m0hack\m0hack\release\config.obj
c:\users\yassine\source\repos\m0hack\m0hack\release\m0hack.tlog\cl.command.1.tlog
c:\users\yassine\source\repos\m0hack\m0hack\release\m0hack.tlog\cl.read.1.tlog
c:\users\yassine\source\repos\m0hack\m0hack\release\m0hack.tlog\cl.write.1.tlog
c:\users\yassine\source\repos\m0hack\m0hack\release\m0hack.tlog\link.command.1.tlog
c:\users\yassine\source\repos\m0hack\m0hack\release\m0hack.tlog\link.read.1.tlog
c:\users\yassine\source\repos\m0hack\m0hack\release\m0hack.tlog\link.write.1.tlog
